2026-03-11 09:42:36:4236 [32minfo[39m: [32m✅ MongoDB Connected[39m
2026-03-11 09:42:36:4236 [32minfo[39m: [32m✅ Redis Connected[39m
2026-03-11 09:42:36:4236 [32minfo[39m: [32m✅ Server running on port 5000[39m
2026-03-11 09:42:36:4236 [32minfo[39m: [32m📝 Environment: undefined[39m
2026-03-11 09:47:20:4720 [31merror[39m: [31m401 - Not authorized to access this route - /api/blogs/ - POST - ::1[39m
2026-03-11 09:47:20:4720 [32minfo[39m: [32m::1 - - [11/Mar/2026:03:47:20 +0000] "POST /api/blogs/ HTTP/1.1" 401 79 "-" "PostmanRuntime/7.51.1"[39m
2026-03-11 09:47:23:4723 [37mdebug[39m: [37mCache miss: /api/blogs/-guest[39m
2026-03-11 09:47:23:4723 [32minfo[39m: [32m::1 - - [11/Mar/2026:03:47:23 +0000] "GET /api/blogs/ HTTP/1.1" 200 122 "-" "PostmanRuntime/7.51.1"[39m
2026-03-11 09:47:23:4723 [37mdebug[39m: [37mCache set: /api/blogs/-guest[39m
2026-03-11 09:54:32:5432 [31merror[39m: [31m401 - Not authorized to access this route - /api/admin/ - GET - ::1[39m
2026-03-11 09:54:32:5432 [32minfo[39m: [32m::1 - - [11/Mar/2026:03:54:32 +0000] "GET /api/admin/ HTTP/1.1" 401 79 "-" "PostmanRuntime/7.51.1"[39m
2026-03-11 09:58:25:5825 [31merror[39m: [31m401 - Not authorized to access this route - /api/auth/register/ - GET - ::1[39m
2026-03-11 09:58:25:5825 [32minfo[39m: [32m::1 - - [11/Mar/2026:03:58:25 +0000] "GET /api/auth/register/ HTTP/1.1" 401 79 "-" "PostmanRuntime/7.51.1"[39m
2026-03-11 09:58:29:5829 [31merror[39m: [31m401 - Not authorized to access this route - /api/auth/register/ - GET - ::1[39m
2026-03-11 09:58:29:5829 [32minfo[39m: [32m::1 - - [11/Mar/2026:03:58:29 +0000] "GET /api/auth/register/ HTTP/1.1" 401 79 "-" "PostmanRuntime/7.51.1"[39m
2026-03-11 09:58:44:5844 [31merror[39m: [31m500 - Cannot read properties of undefined (reading 'map') - /api/auth/register/ - POST - ::1[39m
2026-03-11 09:58:44:5844 [32minfo[39m: [32m::1 - - [11/Mar/2026:03:58:44 +0000] "POST /api/auth/register/ HTTP/1.1" 500 81 "-" "PostmanRuntime/7.51.1"[39m
2026-03-11 10:19:58:1958 [31merror[39m: [31m500 - Cannot read properties of undefined (reading 'map') - /api/auth/register/ - POST - ::1[39m
2026-03-11 10:19:58:1958 [32minfo[39m: [32m::1 - - [11/Mar/2026:04:19:58 +0000] "POST /api/auth/register/ HTTP/1.1" 500 81 "-" "PostmanRuntime/7.51.1"[39m
2026-03-11 10:34:01:341 [31merror[39m: [31m500 - Cannot read properties of undefined (reading 'map') - /api/auth/register/ - POST - ::1[39m
2026-03-11 10:34:01:341 [32minfo[39m: [32m::1 - - [11/Mar/2026:04:34:01 +0000] "POST /api/auth/register/ HTTP/1.1" 500 81 "-" "PostmanRuntime/7.51.1"[39m
2026-03-11 10:37:19:3719 [32minfo[39m: [32m✅ MongoDB Connected[39m
2026-03-11 10:37:20:3720 [32minfo[39m: [32m✅ Redis Connected[39m
2026-03-11 10:37:20:3720 [32minfo[39m: [32m✅ Server running on port 5000[39m
2026-03-11 10:37:20:3720 [32minfo[39m: [32m📝 Environment: undefined[39m
2026-03-14 16:32:44:3244 [32minfo[39m: [32m✅ MongoDB Connected[39m
2026-03-14 16:32:44:3244 [32minfo[39m: [32m✅ Redis Connected[39m
2026-03-14 16:32:44:3244 [32minfo[39m: [32m✅ Server running on port 5000[39m
2026-03-14 16:32:44:3244 [32minfo[39m: [32m📝 Environment: undefined[39m
2026-03-15 00:33:58:3358 [32minfo[39m: [32m✅ MongoDB Connected[39m
2026-03-15 00:33:58:3358 [32minfo[39m: [32m✅ Redis Connected[39m
2026-03-15 00:33:58:3358 [32minfo[39m: [32m✅ Server running on port 5000[39m
2026-03-15 00:33:58:3358 [32minfo[39m: [32m📝 Environment: undefined[39m
2026-03-15 09:13:13:1313 [32minfo[39m: [32m✅ MongoDB Connected[39m
2026-03-15 09:13:13:1313 [32minfo[39m: [32m✅ Redis Connected[39m
2026-03-15 09:13:13:1313 [32minfo[39m: [32m✅ Server running on port 5000[39m
2026-03-15 09:13:13:1313 [32minfo[39m: [32m📝 Environment: undefined[39m
2026-03-15 09:49:56:4956 [32minfo[39m: [32m✅ MongoDB Connected[39m
2026-03-15 09:49:56:4956 [32minfo[39m: [32m✅ Redis Connected[39m
2026-03-15 09:49:56:4956 [32minfo[39m: [32m✅ Server running on port 5000[39m
2026-03-15 09:49:56:4956 [32minfo[39m: [32m📝 Environment: undefined[39m
2026-03-15 09:50:02:502 [32minfo[39m: [32m✅ MongoDB Connected[39m
2026-03-15 09:50:02:502 [32minfo[39m: [32m✅ Redis Connected[39m
2026-03-15 09:50:02:502 [32minfo[39m: [32m✅ Server running on port 5000[39m
2026-03-15 09:50:02:502 [32minfo[39m: [32m📝 Environment: undefined[39m
2026-03-15 09:50:06:506 [32minfo[39m: [32m✅ MongoDB Connected[39m
2026-03-15 09:50:06:506 [32minfo[39m: [32m✅ Redis Connected[39m
2026-03-15 09:50:06:506 [32minfo[39m: [32m✅ Server running on port 5000[39m
2026-03-15 09:50:06:506 [32minfo[39m: [32m📝 Environment: undefined[39m
2026-03-15 09:50:09:509 [32minfo[39m: [32m✅ MongoDB Connected[39m
2026-03-15 09:50:09:509 [32minfo[39m: [32m✅ Redis Connected[39m
2026-03-15 09:50:09:509 [32minfo[39m: [32m✅ Server running on port 5000[39m
2026-03-15 09:50:09:509 [32minfo[39m: [32m📝 Environment: undefined[39m
2026-03-15 11:48:08:488 [32minfo[39m: [32m::1 - - [15/Mar/2026:05:48:08 +0000] "POST / HTTP/1.1" 404 58 "-" "PostmanRuntime/7.51.1"[39m
2026-03-15 11:49:01:491 [31merror[39m: [31m401 - Not authorized to access this route - /api/blogs - POST - ::1[39m
2026-03-15 11:49:01:491 [32minfo[39m: [32m::1 - - [15/Mar/2026:05:49:01 +0000] "POST /api/blogs HTTP/1.1" 401 79 "-" "PostmanRuntime/7.51.1"[39m
2026-03-15 11:50:01:501 [31merror[39m: [31m401 - Not authorized to access this route - /api/blogs/ - POST - ::1[39m
2026-03-15 11:50:01:501 [32minfo[39m: [32m::1 - - [15/Mar/2026:05:50:01 +0000] "POST /api/blogs/ HTTP/1.1" 401 79 "-" "PostmanRuntime/7.51.1"[39m
2026-03-15 11:50:14:5014 [37mdebug[39m: [37mCache miss: /api/blogs/-guest[39m
2026-03-15 11:50:15:5015 [32minfo[39m: [32m::1 - - [15/Mar/2026:05:50:15 +0000] "GET /api/blogs/ HTTP/1.1" 200 122 "-" "PostmanRuntime/7.51.1"[39m
2026-03-15 11:50:15:5015 [37mdebug[39m: [37mCache set: /api/blogs/-guest[39m
2026-03-15 11:50:46:5046 [31merror[39m: [31m401 - Not authorized to access this route - /api/auth/ - GET - ::1[39m
2026-03-15 11:50:46:5046 [32minfo[39m: [32m::1 - - [15/Mar/2026:05:50:46 +0000] "GET /api/auth/ HTTP/1.1" 401 79 "-" "PostmanRuntime/7.51.1"[39m
2026-03-15 11:50:56:5056 [31merror[39m: [31m401 - Not authorized to access this route - /api/auth/ - POST - ::1[39m
2026-03-15 11:50:56:5056 [32minfo[39m: [32m::1 - - [15/Mar/2026:05:50:56 +0000] "POST /api/auth/ HTTP/1.1" 401 79 "-" "PostmanRuntime/7.51.1"[39m
2026-03-15 11:51:37:5137 [31merror[39m: [31m500 - Cannot read properties of undefined (reading 'map') - /api/auth/register - POST - ::1[39m
2026-03-15 11:51:37:5137 [32minfo[39m: [32m::1 - - [15/Mar/2026:05:51:37 +0000] "POST /api/auth/register HTTP/1.1" 500 81 "-" "PostmanRuntime/7.51.1"[39m
2026-03-15 11:52:45:5245 [31merror[39m: [31m500 - Invalid login: 535-5.7.8 Username and Password not accepted. For more information, go to[39m
[31m535 5.7.8  https://support.google.com/mail/?p=BadCredentials d2e1a72fcca58-82a0725ca0asm12128189b3a.17 - gsmtp - /api/auth/register - POST - ::1[39m
2026-03-15 11:52:45:5245 [32minfo[39m: [32m::1 - - [15/Mar/2026:05:52:45 +0000] "POST /api/auth/register HTTP/1.1" 500 230 "-" "PostmanRuntime/7.51.1"[39m
2026-03-15 11:56:05:565 [32minfo[39m: [32m✅ MongoDB Connected[39m
2026-03-15 11:56:05:565 [32minfo[39m: [32m✅ Redis Connected[39m
2026-03-15 11:56:05:565 [32minfo[39m: [32m✅ Server running on port 5000[39m
2026-03-15 11:56:05:565 [32minfo[39m: [32m📝 Environment: undefined[39m
2026-03-15 11:56:08:568 [32minfo[39m: [32m✅ MongoDB Connected[39m
2026-03-15 11:56:09:569 [32minfo[39m: [32m✅ Redis Connected[39m
2026-03-15 11:56:09:569 [32minfo[39m: [32m✅ Server running on port 5000[39m
2026-03-15 11:56:09:569 [32minfo[39m: [32m📝 Environment: undefined[39m
2026-03-15 11:56:13:5613 [32minfo[39m: [32m✅ MongoDB Connected[39m
2026-03-15 11:56:13:5613 [32minfo[39m: [32m✅ Redis Connected[39m
2026-03-15 11:56:13:5613 [32minfo[39m: [32m✅ Server running on port 5000[39m
2026-03-15 11:56:13:5613 [32minfo[39m: [32m📝 Environment: undefined[39m
2026-03-15 11:56:15:5615 [32minfo[39m: [32m✅ MongoDB Connected[39m
2026-03-15 11:56:15:5615 [32minfo[39m: [32m✅ Redis Connected[39m
2026-03-15 11:56:15:5615 [32minfo[39m: [32m✅ Server running on port 5000[39m
2026-03-15 11:56:15:5615 [32minfo[39m: [32m📝 Environment: undefined[39m
2026-03-15 11:56:21:5621 [32minfo[39m: [32m✅ MongoDB Connected[39m
2026-03-15 11:56:21:5621 [32minfo[39m: [32m✅ Redis Connected[39m
2026-03-15 11:56:21:5621 [32minfo[39m: [32m✅ Server running on port 5000[39m
2026-03-15 11:56:21:5621 [32minfo[39m: [32m📝 Environment: undefined[39m
2026-03-15 11:56:22:5622 [32minfo[39m: [32m✅ MongoDB Connected[39m
2026-03-15 11:56:22:5622 [32minfo[39m: [32m✅ Redis Connected[39m
2026-03-15 11:56:22:5622 [32minfo[39m: [32m✅ Server running on port 5000[39m
2026-03-15 11:56:22:5622 [32minfo[39m: [32m📝 Environment: undefined[39m
2026-03-15 11:56:23:5623 [32minfo[39m: [32m::1 - - [15/Mar/2026:05:56:23 +0000] "POST /api/auth/register HTTP/1.1" 200 93 "-" "PostmanRuntime/7.51.1"[39m
2026-03-15 11:56:35:5635 [31merror[39m: [31m400 - Expected double-quoted property name in JSON at position 95 (line 6 column 1) - /api/auth/register - POST - ::1[39m
2026-03-15 11:56:43:5643 [31merror[39m: [31m500 - Cannot read properties of undefined (reading 'map') - /api/auth/register - POST - ::1[39m
2026-03-15 11:56:43:5643 [32minfo[39m: [32m::1 - - [15/Mar/2026:05:56:43 +0000] "POST /api/auth/register HTTP/1.1" 500 81 "-" "PostmanRuntime/7.51.1"[39m
2026-03-15 11:56:50:5650 [32minfo[39m: [32m::1 - - [15/Mar/2026:05:56:50 +0000] "POST /api/auth/register HTTP/1.1" 200 93 "-" "PostmanRuntime/7.51.1"[39m
2026-03-15 11:57:00:570 [32minfo[39m: [32m✅ MongoDB Connected[39m
2026-03-15 11:57:00:570 [32minfo[39m: [32m✅ Redis Connected[39m
2026-03-15 11:57:00:570 [32minfo[39m: [32m✅ Server running on port 5000[39m
2026-03-15 11:57:00:570 [32minfo[39m: [32m📝 Environment: undefined[39m
2026-03-15 11:58:10:5810 [31merror[39m: [31m409 - Email already registered - /api/auth/register - POST - ::1[39m
2026-03-15 11:58:10:5810 [32minfo[39m: [32m::1 - - [15/Mar/2026:05:58:10 +0000] "POST /api/auth/register HTTP/1.1" 409 68 "-" "PostmanRuntime/7.51.1"[39m
2026-03-15 12:07:19:719 [31merror[39m: [31m400 - Expected double-quoted property name in JSON at position 64 (line 4 column 1) - /api/auth/login/ - POST - ::1[39m
2026-03-15 12:07:24:724 [31merror[39m: [31m500 - Converting circular structure to JSON[39m
[31m    --> starting at object with constructor 'Socket'[39m
[31m    |     property 'parser' -> object with constructor 'HTTPParser'[39m
[31m    --- property 'socket' closes the circle - /api/auth/login/ - POST - ::1[39m
2026-03-15 12:07:24:724 [32minfo[39m: [32m::1 - - [15/Mar/2026:06:07:24 +0000] "POST /api/auth/login/ HTTP/1.1" 500 408 "-" "PostmanRuntime/7.51.1"[39m
2026-03-15 12:23:11:2311 [32minfo[39m: [32m::1 - - [15/Mar/2026:06:23:11 +0000] "POST /api/categories/ HTTP/1.1" 404 73 "-" "PostmanRuntime/7.51.1"[39m
